<?xml version="1.0" encoding="UTF-8"?>
<!-- Generated by org.testng.reporters.JUnitReportReporter -->
<testsuite hostname="MSI" failures="0" tests="2" name="com.simplilearn.excelTestng.excelDataProvider" time="2.534" errors="0" timestamp="2024-08-24T12:31:25 IST" skipped="0">
  <testcase classname="com.simplilearn.excelTestng.excelDataProvider" name="test1" time="0.750"/>
  <testcase classname="com.simplilearn.excelTestng.excelDataProvider" name="test1" time="1.784"/>
</testsuite> <!-- com.simplilearn.excelTestng.excelDataProvider -->
