<?xml version="1.0" encoding="UTF-8"?>
<!-- Generated by org.testng.reporters.JUnitReportReporter -->
<testsuite hostname="MSI" failures="0" tests="1" name="com.simplilearn.APIAytomationProject.AppTest" time="4.749" errors="0" timestamp="2024-08-16T09:51:16 IST" skipped="0">
  <testcase classname="com.simplilearn.APIAytomationProject.AppTest" name="fetchAllEmployeeData" time="4.749"/>
</testsuite> <!-- com.simplilearn.APIAytomationProject.AppTest -->
