<?xml version="1.0" encoding="UTF-8"?>
<!-- Generated by org.testng.reporters.JUnitReportReporter -->
<testsuite hostname="MSI" failures="0" tests="1" name="com.simplilearn.APIAytomationProject.project2validationStatusCode" time="2.047" errors="0" timestamp="2024-06-24T18:15:43 IST" skipped="0">
  <testcase classname="com.simplilearn.APIAytomationProject.project2validationStatusCode" name="getRequest" time="2.047"/>
</testsuite> <!-- com.simplilearn.APIAytomationProject.project2validationStatusCode -->
