<?xml version="1.0" encoding="UTF-8"?>
<!-- Generated by org.testng.reporters.JUnitReportReporter -->
<testsuite hostname="MSI" failures="0" tests="1" name="com.simplilearn.APIAytomationProject.AppTest" time="2.580" errors="0" timestamp="2024-06-26T22:41:52 IST" skipped="0">
  <testcase classname="com.simplilearn.APIAytomationProject.AppTest" name="deleteEmployee" time="2.580"/>
</testsuite> <!-- com.simplilearn.APIAytomationProject.AppTest -->
