<?xml version="1.0" encoding="UTF-8"?>
<!-- Generated by org.testng.reporters.JUnitReportReporter -->
<testsuite hostname="MSI" failures="0" tests="1" name="com.simplilearn.seleniumDemos.FrameAndAlertHandelling" time="3.170" errors="0" timestamp="2024-04-11T13:42:28 IST" skipped="0">
  <testcase classname="com.simplilearn.seleniumDemos.FrameAndAlertHandelling" name="openBrowser" time="3.170"/>
</testsuite> <!-- com.simplilearn.seleniumDemos.FrameAndAlertHandelling -->
