<?xml version="1.0" encoding="UTF-8"?>
<!-- Generated by org.testng.reporters.JUnitReportReporter -->
<testsuite hostname="MSI" failures="0" tests="1" name="com.simplilearn.seleniumDemos.TestScreenshot" time="4.411" errors="0" timestamp="2024-04-11T19:11:16 IST" skipped="0">
  <testcase classname="com.simplilearn.seleniumDemos.TestScreenshot" name="runScenarioAndTakeScreenshot" time="4.411"/>
</testsuite> <!-- com.simplilearn.seleniumDemos.TestScreenshot -->
