<?xml version="1.0" encoding="UTF-8"?>
<!-- Generated by org.testng.reporters.JUnitReportReporter -->
<testsuite hostname="MSI" failures="0" tests="1" name="com.simplilearn.seleniumDemos.DragAndDropMethod" time="4.873" errors="0" timestamp="2024-04-11T09:57:19 IST" skipped="0">
  <testcase classname="com.simplilearn.seleniumDemos.DragAndDropMethod" name="testDragAndDrop" time="4.873"/>
</testsuite> <!-- com.simplilearn.seleniumDemos.DragAndDropMethod -->
