<?xml version="1.0" encoding="UTF-8"?>
<!-- Generated by org.testng.reporters.JUnitReportReporter -->
<testsuite hostname="MSI" failures="0" tests="1" name="com.simplilearn.seleniumDemos.AlertHandelling" time="8.870" errors="0" timestamp="2024-04-14T11:04:42 IST" skipped="0">
  <testcase classname="com.simplilearn.seleniumDemos.AlertHandelling" name="Alert" time="8.870"/>
</testsuite> <!-- com.simplilearn.seleniumDemos.AlertHandelling -->
