<?xml version="1.0" encoding="UTF-8"?>
<!-- Generated by org.testng.reporters.JUnitReportReporter -->
<testsuite hostname="MSI" failures="0" tests="1" name="com.simplilearn.seleniumDemos.ScreenshotCode" time="2.561" errors="0" timestamp="2024-04-14T00:07:57 IST" skipped="0">
  <testcase classname="com.simplilearn.seleniumDemos.ScreenshotCode" name="screenShot" time="2.561"/>
</testsuite> <!-- com.simplilearn.seleniumDemos.ScreenshotCode -->
