<?xml version="1.0" encoding="UTF-8"?>
<!-- Generated by org.testng.reporters.JUnitReportReporter -->
<testsuite hostname="MSI" failures="0" tests="1" name="com.simplilearn.seleniumDemos.LocatorsIdentifiers" time="16.483" errors="0" timestamp="2024-04-09T21:47:03 IST" skipped="0">
  <testcase classname="com.simplilearn.seleniumDemos.LocatorsIdentifiers" name="testLink" time="16.483"/>
</testsuite> <!-- com.simplilearn.seleniumDemos.LocatorsIdentifiers -->
