<?xml version="1.0" encoding="UTF-8"?>
<!-- Generated by org.testng.reporters.JUnitReportReporter -->
<testsuite hostname="MSI" failures="0" tests="1" name="TestngSetup.ExcelDataProvider" time="0.000" errors="0" timestamp="2024-08-24T09:52:25 IST" skipped="1">
  <testcase classname="TestngSetup.ExcelDataProvider" name="test1" time="0.000">
    <skipped/>
  </testcase> <!-- test1 -->
  <system-out/>
</testsuite> <!-- TestngSetup.ExcelDataProvider -->
