<?xml version="1.0" encoding="UTF-8"?>
<!-- Generated by org.testng.reporters.JUnitReportReporter -->
<testsuite hostname="MSI" failures="0" tests="7" name="com.simplilearn.RestAssuredAPI.Test_Delete" time="6.168" errors="0" timestamp="2024-06-09T21:55:02 IST" skipped="0">
  <testcase classname="com.simplilearn.RestAssuredAPI.Test_Delete" name="GetSingleUser_BDD" time="0.002"/>
  <testcase classname="com.simplilearn.RestAssuredAPI.Test_Delete" name="testWeather" time="0.731"/>
  <testcase classname="com.simplilearn.RestAssuredAPI.Test_Delete" name="Test" time="0.512"/>
  <testcase classname="com.simplilearn.RestAssuredAPI.Test_Delete" name="GetSingleUserUsingValidatableResponse" time="1.211"/>
  <testcase classname="com.simplilearn.RestAssuredAPI.Test_Delete" name="GetSingleUser" time="0.193"/>
  <testcase classname="com.simplilearn.RestAssuredAPI.Test_Delete" name="DigestAuth" time="2.668"/>
  <testcase classname="com.simplilearn.RestAssuredAPI.Test_Delete" name="basicAuth" time="0.851"/>
</testsuite> <!-- com.simplilearn.RestAssuredAPI.Test_Delete -->
