<?xml version="1.0" encoding="UTF-8"?>
<!-- Generated by org.testng.reporters.JUnitReportReporter -->
<testsuite hostname="MSI" failures="0" tests="1" name="com.simplilearn.RestAssuredAPI.Test_PutMethod" time="0.602" errors="0" timestamp="2024-06-09T21:55:02 IST" skipped="0">
  <testcase classname="com.simplilearn.RestAssuredAPI.Test_PutMethod" name="PutMethod" time="0.602"/>
</testsuite> <!-- com.simplilearn.RestAssuredAPI.Test_PutMethod -->
