<?xml version="1.0" encoding="UTF-8"?>
<!-- Generated by org.testng.reporters.JUnitReportReporter -->
<testsuite hostname="MSI" failures="0" tests="1" name="com.simplilearn.JenkinsJava.GoogleTest" time="10.300" errors="0" timestamp="2024-07-23T08:12:26 IST" skipped="0">
  <testcase classname="com.simplilearn.JenkinsJava.GoogleTest" name="m1" time="10.300"/>
</testsuite> <!-- com.simplilearn.JenkinsJava.GoogleTest -->
