<?xml version="1.0" encoding="UTF-8"?>
<!-- Generated by org.testng.reporters.JUnitReportReporter -->
<testsuite hostname="MSI" failures="0" tests="1" name="com.simplilearn.TestNgDemos.GridTest" time="10.818" errors="0" timestamp="2024-09-07T13:42:17 IST" skipped="0">
  <testcase classname="com.simplilearn.TestNgDemos.GridTest" name="test" time="10.818"/>
</testsuite> <!-- com.simplilearn.TestNgDemos.GridTest -->
