<?xml version="1.0" encoding="UTF-8"?>
<!-- Generated by org.testng.reporters.JUnitReportReporter -->
<testsuite hostname="MSI" failures="0" tests="1" name="com.simplilearn.TestNgDemos.AppTest" time="0.023" errors="0" timestamp="2024-09-07T13:42:17 IST" skipped="0">
  <testcase classname="com.simplilearn.TestNgDemos.AppTest" name="verifyHomePageTitile" time="0.023"/>
</testsuite> <!-- com.simplilearn.TestNgDemos.AppTest -->
