<?xml version="1.0" encoding="UTF-8"?>
<!-- Generated by org.testng.reporters.JUnitReportReporter -->
<testsuite hostname="MSI" failures="0" tests="1" name="com.simplilearn.TestNgDemos.TestCaseDemo" time="4.366" errors="0" timestamp="2024-05-04T20:24:32 IST" skipped="0">
  <testcase classname="com.simplilearn.TestNgDemos.TestCaseDemo" name="TestCase" time="4.366"/>
  <system-out/>
</testsuite> <!-- com.simplilearn.TestNgDemos.TestCaseDemo -->
