<?xml version="1.0" encoding="UTF-8"?>
<!-- Generated by org.testng.reporters.JUnitReportReporter -->
<testsuite hostname="MSI" failures="0" tests="3" name="com.simplilearn.TestNgDemos.SkipTestDemo" time="0.004" errors="0" timestamp="2024-12-12T21:52:54 IST" skipped="3">
  <testcase classname="com.simplilearn.TestNgDemos.SkipTestDemo" name="Test3" time="0.002">
    <skipped/>
  </testcase> <!-- Test3 -->
  <system-out/>
  <testcase classname="com.simplilearn.TestNgDemos.SkipTestDemo" name="Test2" time="0.002">
    <skipped/>
  </testcase> <!-- Test2 -->
  <system-out/>
  <testcase classname="com.simplilearn.TestNgDemos.SkipTestDemo" name="Test1">
    <skipped/>
  </testcase> <!-- Test1 -->
  <system-out/>
</testsuite> <!-- com.simplilearn.TestNgDemos.SkipTestDemo -->
