<?xml version="1.0" encoding="UTF-8"?>
<!-- Generated by org.testng.reporters.JUnitReportReporter -->
<testsuite hostname="MSI" failures="0" tests="2" name="com.simplilearn.TestNgDemos.softhardAssert" time="0.005" errors="0" timestamp="2024-12-12T21:52:54 IST" skipped="0">
  <testcase classname="com.simplilearn.TestNgDemos.softhardAssert" name="hardAssertTest" time="0.002"/>
  <system-out/>
  <testcase classname="com.simplilearn.TestNgDemos.softhardAssert" name="softAssertTest" time="0.003"/>
  <system-out/>
</testsuite> <!-- com.simplilearn.TestNgDemos.softhardAssert -->
