<?xml version="1.0" encoding="UTF-8"?>
<!-- Generated by org.testng.reporters.JUnitReportReporter -->
<testsuite hostname="MSI" failures="0" tests="1" name="com.simplilearn.TestNgDemos.POSTAPITest" time="5.575" errors="0" timestamp="2024-05-26T08:58:04 IST" skipped="0">
  <testcase classname="com.simplilearn.TestNgDemos.POSTAPITest" name="createBooking" time="5.575"/>
  <system-out/>
</testsuite> <!-- com.simplilearn.TestNgDemos.POSTAPITest -->
