<?xml version="1.0" encoding="UTF-8"?>
<!-- Generated by org.testng.reporters.JUnitReportReporter -->
<testsuite hostname="MSI" failures="0" tests="1" name="com.simplilearn.TestNgDemos.AppTest" time="0.069" errors="0" timestamp="2024-05-04T19:35:44 IST" skipped="0">
  <testcase classname="com.simplilearn.TestNgDemos.AppTest" name="verifyHomePageTitile" time="0.069"/>
</testsuite> <!-- com.simplilearn.TestNgDemos.AppTest -->
