<?xml version="1.0" encoding="UTF-8"?>
<!-- Generated by org.testng.reporters.JUnitReportReporter -->
<testsuite hostname="MSI" failures="0" tests="1" name="com.simplilearn.TestNgDemos.ScreenshotCode" time="2.621" errors="0" timestamp="2024-12-12T21:52:54 IST" skipped="0">
  <testcase classname="com.simplilearn.TestNgDemos.ScreenshotCode" name="screenShot" time="2.621"/>
  <system-out/>
</testsuite> <!-- com.simplilearn.TestNgDemos.ScreenshotCode -->
