<?xml version="1.0" encoding="UTF-8"?>
<!-- Generated by org.testng.reporters.JUnitReportReporter -->
<testsuite hostname="MSI" failures="0" tests="1" name="com.simplilearn.TestNgDemos.GetAPIRequest" time="1.441" errors="0" timestamp="2024-12-12T21:52:54 IST" skipped="0">
  <testcase classname="com.simplilearn.TestNgDemos.GetAPIRequest" name="getAllBooking" time="1.441"/>
  <system-out/>
</testsuite> <!-- com.simplilearn.TestNgDemos.GetAPIRequest -->
