<?xml version="1.0" encoding="UTF-8"?>
<!-- Generated by org.testng.reporters.JUnitReportReporter -->
<testsuite hostname="MSI" failures="0" tests="2" name="com.simplilearn.TestNgDemos.TestNgAnnotations" time="0.008" errors="0" timestamp="2024-12-12T21:52:54 IST" skipped="0">
  <testcase classname="com.simplilearn.TestNgDemos.TestNgAnnotations" name="Test2" time="0.004"/>
  <system-out/>
  <testcase classname="com.simplilearn.TestNgDemos.TestNgAnnotations" name="Test1" time="0.004"/>
  <system-out/>
</testsuite> <!-- com.simplilearn.TestNgDemos.TestNgAnnotations -->
