<?xml version="1.0" encoding="UTF-8"?>
<!-- Generated by org.testng.reporters.JUnitReportReporter -->
<testsuite hostname="MSI" failures="0" tests="1" name="com.simplilearn.TestNgDemos.GetAPIRequest" time="5.142" errors="0" timestamp="2024-05-26T08:22:21 IST" skipped="0">
  <testcase classname="com.simplilearn.TestNgDemos.GetAPIRequest" name="getAllBooking" time="5.142"/>
  <system-out/>
</testsuite> <!-- com.simplilearn.TestNgDemos.GetAPIRequest -->
