<?xml version="1.0" encoding="UTF-8"?>
<!-- Generated by org.testng.reporters.JUnitReportReporter -->
<testsuite hostname="MSI" failures="0" tests="1" name="com.simplilearn.TestNgDemos.AppTests" time="6.258" errors="0" timestamp="2024-05-21T09:43:01 IST" skipped="0">
  <testcase classname="com.simplilearn.TestNgDemos.AppTests" name="testCase" time="6.258"/>
  <system-out/>
</testsuite> <!-- com.simplilearn.TestNgDemos.AppTests -->
