<?xml version="1.0" encoding="UTF-8"?>
<!-- Generated by org.testng.reporters.JUnitReportReporter -->
<testsuite hostname="MSI" failures="0" tests="1" name="com.simplilearn.TestNgDemos.TestSeleniumGrid" time="0.000" errors="0" timestamp="2024-12-12T21:46:10 IST" skipped="1">
  <testcase classname="com.simplilearn.TestNgDemos.TestSeleniumGrid" name="verifySeleniumGridExecution" time="0.000">
    <skipped/>
  </testcase> <!-- verifySeleniumGridExecution -->
  <system-out/>
</testsuite> <!-- com.simplilearn.TestNgDemos.TestSeleniumGrid -->
