<?xml version="1.0" encoding="UTF-8"?>
<!-- Generated by org.testng.reporters.JUnitReportReporter -->
<testsuite hostname="MSI" failures="0" tests="4" name="infosys.EricomTestng.AppTest" time="199.952" errors="0" timestamp="2024-10-01T10:38:24 IST" skipped="0">
  <testcase classname="infosys.EricomTestng.AppTest" name="EricomSASETenent" time="50.270"/>
  <testcase classname="infosys.EricomTestng.AppTest" name="infosysBTenent" time="51.368"/>
  <testcase classname="infosys.EricomTestng.AppTest" name="InfosysCTenent" time="49.513"/>
  <testcase classname="infosys.EricomTestng.AppTest" name="IremoteTenent" time="48.801"/>
</testsuite> <!-- infosys.EricomTestng.AppTest -->
