<?xml version="1.0" encoding="UTF-8"?>
<!-- Generated by org.testng.reporters.JUnitReportReporter -->
<testsuite hostname="MSI" failures="0" tests="1" name="infosys.EricomTestng.zoomInZoomOut" time="10.015" errors="0" timestamp="2024-09-30T09:59:00 IST" skipped="0">
  <testcase classname="infosys.EricomTestng.zoomInZoomOut" name="googleSearchTest" time="10.015"/>
</testsuite> <!-- infosys.EricomTestng.zoomInZoomOut -->
