<?xml version="1.0" encoding="UTF-8"?>
<!-- Generated by org.testng.reporters.JUnitReportReporter -->
<testsuite hostname="MSI" failures="0" tests="1" name="com.simplilearn.TDD.AppTest" time="0.033" errors="0" timestamp="2024-07-16T07:00:11 IST" skipped="0">
  <testcase classname="com.simplilearn.TDD.AppTest" name="testPassword" time="0.033"/>
</testsuite> <!-- com.simplilearn.TDD.AppTest -->
