<?xml version="1.0" encoding="UTF-8"?>
<!-- Generated by org.testng.reporters.JUnitReportReporter -->
<testsuite hostname="MSI" failures="0" tests="1" name="com.simplilearn.logging_framework.excelDataProvider" time="51.028" errors="0" timestamp="2024-08-27T13:43:54 IST" skipped="0">
  <testcase classname="com.simplilearn.logging_framework.excelDataProvider" name="test1" time="51.028"/>
</testsuite> <!-- com.simplilearn.logging_framework.excelDataProvider -->
