<?xml version="1.0" encoding="UTF-8"?>
<!-- Generated by org.testng.reporters.JUnitReportReporter -->
<testsuite hostname="MSI" failures="0" tests="1" name="com.simplilearn.RestAssuredAPI.apiTesting" time="1.179" errors="0" timestamp="2024-06-01T22:47:04 IST" skipped="0">
  <testcase classname="com.simplilearn.RestAssuredAPI.apiTesting" name="test_01" time="1.179"/>
</testsuite> <!-- com.simplilearn.RestAssuredAPI.apiTesting -->
