<?xml version="1.0" encoding="UTF-8"?>
<!-- Generated by org.testng.reporters.JUnitReportReporter -->
<testsuite hostname="MSI" failures="0" tests="1" name="com.simplilearn.RestAssuredAPI.Test_PostMethod" time="1.502" errors="0" timestamp="2024-06-01T23:13:51 IST" skipped="0">
  <testcase classname="com.simplilearn.RestAssuredAPI.Test_PostMethod" name="test01" time="1.502"/>
</testsuite> <!-- com.simplilearn.RestAssuredAPI.Test_PostMethod -->
