<?xml version="1.0" encoding="UTF-8"?>
<!-- Generated by org.testng.reporters.JUnitReportReporter -->
<testsuite hostname="MSI" failures="0" tests="1" name="com.simplilearn.RestAssuredAPI.TestPatch" time="2.554" errors="0" timestamp="2024-06-02T20:25:02 IST" skipped="0">
  <testcase classname="com.simplilearn.RestAssuredAPI.TestPatch" name="test" time="2.554"/>
</testsuite> <!-- com.simplilearn.RestAssuredAPI.TestPatch -->
