<?xml version="1.0" encoding="UTF-8"?>
<!-- Generated by org.testng.reporters.JUnitReportReporter -->
<testsuite hostname="MSI" failures="0" tests="1" name="com.simplilearn.RestAssuredAPI.GetFirstRequest" time="2.216" errors="0" timestamp="2024-06-01T20:48:22 IST" skipped="0">
  <testcase classname="com.simplilearn.RestAssuredAPI.GetFirstRequest" name="tc1" time="2.216"/>
</testsuite> <!-- com.simplilearn.RestAssuredAPI.GetFirstRequest -->
