<?xml version="1.0" encoding="UTF-8"?>
<!-- Generated by org.testng.reporters.JUnitReportReporter -->
<testsuite hostname="MSI" failures="0" tests="1" name="com.simplilearn.RestAssuredAPI.JSONArray" time="4.757" errors="0" timestamp="2024-06-08T23:00:53 IST" skipped="0">
  <testcase classname="com.simplilearn.RestAssuredAPI.JSONArray" name="createUser" time="4.757"/>
</testsuite> <!-- com.simplilearn.RestAssuredAPI.JSONArray -->
