<?xml version="1.0" encoding="UTF-8"?>
<!-- Generated by org.testng.reporters.JUnitReportReporter -->
<testsuite hostname="MSI" failures="0" tests="1" name="com.simplilearn.RestAssuredAPI.Test_Delete" time="1.751" errors="0" timestamp="2024-06-02T23:18:11 IST" skipped="0">
  <testcase classname="com.simplilearn.RestAssuredAPI.Test_Delete" name="testWeather" time="1.751"/>
</testsuite> <!-- com.simplilearn.RestAssuredAPI.Test_Delete -->
