<?xml version="1.0" encoding="UTF-8"?>
<!-- Generated by org.testng.reporters.JUnitReportReporter -->
<testsuite hostname="MSI" failures="0" tests="1" name="com.simplilearn.docker_selenium.TestClass2" time="8.725" errors="0" timestamp="10 Jul 2024 08:20:12 GMT">
  <testcase classname="com.simplilearn.docker_selenium.TestClass2" name="tc1" time="8.725"/>
</testsuite> <!-- com.simplilearn.docker_selenium.TestClass2 -->
