<?xml version="1.0" encoding="UTF-8"?>
<!-- Generated by org.testng.reporters.JUnitReportReporter -->
<testsuite hostname="MSI" failures="0" tests="1" name="com.simplilearn.RestAssuredDemo.AppTest" time="3.058" errors="0" timestamp="2024-06-12T16:44:41 IST" skipped="0">
  <testcase classname="com.simplilearn.RestAssuredDemo.AppTest" name="validateGetRequest" time="3.058"/>
</testsuite> <!-- com.simplilearn.RestAssuredDemo.AppTest -->
