<?xml version="1.0" encoding="UTF-8"?>
<!-- Generated by org.testng.reporters.JUnitReportReporter -->
<testsuite hostname="MSI" failures="0" tests="1" name="com.simplilearn.RestAssuredDemo.OAuthAuthorizationTesting" time="2.142" errors="0" timestamp="2024-06-15T09:14:10 IST" skipped="0">
  <testcase classname="com.simplilearn.RestAssuredDemo.OAuthAuthorizationTesting" name="test" time="2.142"/>
</testsuite> <!-- com.simplilearn.RestAssuredDemo.OAuthAuthorizationTesting -->
