<?xml version="1.0" encoding="UTF-8"?>
<!-- Generated by org.testng.reporters.JUnitReportReporter -->
<testsuite hostname="MSI" failures="0" tests="1" name="com.simplilearn.RestAssuredDemo.ParsingJSONResponse" time="1.962" errors="0" timestamp="2024-06-15T08:36:12 IST" skipped="0">
  <testcase classname="com.simplilearn.RestAssuredDemo.ParsingJSONResponse" name="test" time="1.962"/>
</testsuite> <!-- com.simplilearn.RestAssuredDemo.ParsingJSONResponse -->
