<?xml version="1.0" encoding="UTF-8"?>
<!-- Generated by org.testng.reporters.JUnitReportReporter -->
<testsuite hostname="MSI" failures="0" tests="1" name="com.simplilearn.RestAssuredDemo.sslAuth" time="0.339" errors="0" timestamp="2024-06-16T11:05:08 IST" skipped="0">
  <testcase classname="com.simplilearn.RestAssuredDemo.sslAuth" name="teest" time="0.339"/>
</testsuite> <!-- com.simplilearn.RestAssuredDemo.sslAuth -->
