<?xml version="1.0" encoding="UTF-8"?>
<!-- Generated by org.testng.reporters.JUnitReportReporter -->
<testsuite hostname="MSI" failures="0" tests="1" name="com.simplilearn.docker_selenium.TestClass2" time="9.330" errors="0" timestamp="10 Jul 2024 08:08:23 GMT">
  <testcase classname="com.simplilearn.docker_selenium.TestClass2" name="tc1" time="9.330"/>
</testsuite> <!-- com.simplilearn.docker_selenium.TestClass2 -->
