<?xml version="1.0" encoding="UTF-8"?>
<!-- Generated by org.testng.reporters.JUnitReportReporter -->
<testsuite hostname="MSI" failures="0" tests="1" name="com.simplilearn.pizzahut_project.AppTest" time="0.008" errors="0" timestamp="24 Aug 2024 04:19:03 GMT" skipped="0">
  <testcase classname="com.simplilearn.pizzahut_project.AppTest" name="testApp" time="0.008"/>
</testsuite> <!-- com.simplilearn.pizzahut_project.AppTest -->
