<?xml version="1.0" encoding="UTF-8"?>
<!-- Generated by org.testng.reporters.JUnitReportReporter -->
<testsuite hostname="MSI" failures="0" tests="1" name="Oracle.TestCases.Test001" time="39.944" errors="0" timestamp="2024-10-07T11:27:06 IST" skipped="0">
  <testcase classname="Oracle.TestCases.Test001" name="testHTR_001" time="39.944"/>
</testsuite> <!-- Oracle.TestCases.Test001 -->
