<?xml version="1.0" encoding="UTF-8"?>
<!-- Generated by org.testng.reporters.JUnitReportReporter -->
<testsuite hostname="MSI" failures="0" tests="1" name="CheckOut.CheckOutTesting" time="3.062" errors="0" timestamp="2024-09-18T10:13:23 IST" skipped="0">
  <testcase classname="CheckOut.CheckOutTesting" name="testCheckOut" time="3.062"/>
</testsuite> <!-- CheckOut.CheckOutTesting -->
