<?xml version="1.0" encoding="UTF-8"?>
<!-- Generated by org.testng.reporters.JUnitReportReporter -->
<testsuite hostname="MSI" failures="0" tests="1" name="Login.LoginTest" time="1.586" errors="0" timestamp="2024-09-18T10:13:23 IST" skipped="0">
  <testcase classname="Login.LoginTest" name="testLoginPage" time="1.586"/>
</testsuite> <!-- Login.LoginTest -->
