<?xml version="1.0" encoding="UTF-8"?>
<!-- Generated by org.testng.reporters.JUnitReportReporter -->
<testsuite hostname="MSI" failures="0" tests="1" name="Infosys.SeleniumDemo.csvDemo" time="6.862" errors="0" timestamp="2024-10-03T10:38:58 IST" skipped="0">
  <testcase classname="Infosys.SeleniumDemo.csvDemo" name="f" time="6.862"/>
</testsuite> <!-- Infosys.SeleniumDemo.csvDemo -->
