<?xml version="1.0" encoding="UTF-8"?>
<!-- Generated by org.testng.reporters.JUnitReportReporter -->
<testsuite hostname="MSI" failures="0" tests="1" name="Infosys.SeleniumDemo.SSLDemo" time="2.941" errors="0" timestamp="2024-10-02T09:36:08 IST" skipped="0">
  <testcase classname="Infosys.SeleniumDemo.SSLDemo" name="openApplication" time="2.941"/>
</testsuite> <!-- Infosys.SeleniumDemo.SSLDemo -->
